<?xml version='1.0' encoding='UTF-8'?>
<testsuite hostname="DESKTOP-CGF1AON" name="controllers.HomeControllerTest" tests="1" errors="0" failures="0" skipped="0" time="8.888" timestamp="2023-09-18T14:32:22">
                     <properties>
[...]
</properties>
                     <testcase classname="controllers.HomeControllerTest" name="testIndex" time="8.888">
                                                 
                                               </testcase>
                     <system-out><![CDATA[]]></system-out>
                     <system-err><![CDATA[]]></system-err>
                   </testsuite>